#
# There is insufficient memory for the Java Runtime Environment to continue.
# Native memory allocation (mmap) failed to map 132120576 bytes for G1 virtual space
# Possible reasons:
#   The system is out of physical RAM or swap space
#   The process is running with CompressedOops enabled, and the Java Heap may be blocking the growth of the native heap
# Possible solutions:
#   Reduce memory load on the system
#   Increase physical memory or swap space
#   Check if swap backing store is full
#   Decrease Java heap size (-Xmx/-Xms)
#   Decrease number of Java threads
#   Decrease Java thread stack sizes (-Xss)
#   Set larger code cache with -XX:ReservedCodeCacheSize=
#   JVM is running with Unscaled Compressed Oops mode in which the Java heap is
#     placed in the first 4GB address space. The Java Heap base address is the
#     maximum limit for the native heap growth. Please use -XX:HeapBaseMinAddress
#     to set the Java Heap base and to place the Java Heap above 4GB virtual address.
# This output file may be truncated or incomplete.
#
#  Out of Memory Error (os_windows.cpp:3825), pid=9884, tid=12436
#
# JRE version:  (17.0.9+8) (build )
# Java VM: OpenJDK 64-Bit Server VM (17.0.9+8-b1166.2, mixed mode, sharing, tiered, compressed oops, compressed class ptrs, g1 gc, windows-amd64)
# No core dump will be written. Minidumps are not enabled by default on client versions of Windows
#

---------------  S U M M A R Y ------------

Command Line: -Dmaven.multiModuleProjectDirectory=C:\Users\mohamed\Desktop\Pi5star -Djansi.passthrough=true -Dmaven.home=C:\Program Files\JetBrains\IntelliJ IDEA 2023.2.2\plugins\maven\lib\maven3 -Dclassworlds.conf=C:\Program Files\JetBrains\IntelliJ IDEA 2023.2.2\plugins\maven\lib\maven3\bin\m2.conf -Dmaven.ext.class.path=C:\Program Files\JetBrains\IntelliJ IDEA 2023.2.2\plugins\maven\lib\maven-event-listener.jar -javaagent:C:\Program Files\JetBrains\IntelliJ IDEA 2023.2.2\lib\idea_rt.jar=59948:C:\Program Files\JetBrains\IntelliJ IDEA 2023.2.2\bin -Dfile.encoding=UTF-8 org.codehaus.classworlds.Launcher -Didea.version=2023.2.6 org.openjfx:javafx-maven-plugin:0.0.8:run

Host: Intel(R) Core(TM) i5-9300H CPU @ 2.40GHz, 8 cores, 7G,  Windows 11 , 64 bit Build 22621 (10.0.22621.3527)
Time: Sat Apr 27 14:17:16 2024 W. Central Africa Standard Time elapsed time: 0.030893 seconds (0d 0h 0m 0s)

---------------  T H R E A D  ---------------

Current thread (0x000002571008b750):  JavaThread "Unknown thread" [_thread_in_vm, id=12436, stack(0x000000f3abe00000,0x000000f3abf00000)]

Stack: [0x000000f3abe00000,0x000000f3abf00000]
Native frames: (J=compiled Java code, j=interpreted, Vv=VM code, C=native code)
V  [jvm.dll+0x688349]  os::platform_print_native_stack+0xd9  (os_windows_x86.cpp:235)
V  [jvm.dll+0x841bfa]  VMError::report+0xc6a  (vmError.cpp:855)
V  [jvm.dll+0x84383e]  VMError::report_and_die+0x78e  (vmError.cpp:1749)
V  [jvm.dll+0x843ea3]  VMError::report_and_die+0x43  (vmError.cpp:1535)
V  [jvm.dll+0x24bdef]  report_vm_out_of_memory+0x8f  (debug.cpp:321)
V  [jvm.dll+0x6850f9]  os::pd_commit_memory_or_exit+0xc9  (os_windows.cpp:3833)
V  [jvm.dll+0x67988a]  os::commit_memory_or_exit+0x2a  (os.cpp:1739)
V  [jvm.dll+0x30cbfb]  G1PageBasedVirtualSpace::commit+0x19b  (g1PageBasedVirtualSpace.cpp:204)
V  [jvm.dll+0x3140a6]  G1RegionsLargerThanCommitSizeMapper::commit_regions+0x96  (g1RegionToSpaceMapper.cpp:100)
V  [jvm.dll+0x363ede]  HeapRegionManager::expand_any+0xee  (heapRegionManager.cpp:363)
V  [jvm.dll+0x36410f]  HeapRegionManager::expand_by+0x7f  (heapRegionManager.cpp:380)
V  [jvm.dll+0x2e29c8]  G1CollectedHeap::expand+0xb8  (g1CollectedHeap.cpp:1298)
V  [jvm.dll+0x2e3934]  G1CollectedHeap::initialize+0x664  (g1CollectedHeap.cpp:1719)
V  [jvm.dll+0x812771]  universe_init+0xb1  (universe.cpp:736)
V  [jvm.dll+0x371d41]  init_globals+0x31  (init.cpp:124)
V  [jvm.dll+0x7f12bc]  Threads::create_vm+0x60c  (thread.cpp:2909)
V  [jvm.dll+0x3f59cf]  JNI_CreateJavaVM_inner+0x8f  (jni.cpp:3635)
V  [jvm.dll+0x3f7601]  JNI_CreateJavaVM+0x11  (jni.cpp:3727)
C  [jli.dll+0x528f]  JavaMain+0x113  (java.c:413)
C  [ucrtbase.dll+0x29333]
C  [KERNEL32.DLL+0x1257d]
C  [ntdll.dll+0x5aa48]


---------------  P R O C E S S  ---------------

Threads class SMR info:
_java_thread_list=0x00007ffbe392df18, length=0, elements={
}

Java Threads: ( => current thread )

Other Threads:
  0x00000257100e56f0 GCTaskThread "GC Thread#0" [stack: 0x000000f3abf00000,0x000000f3ac000000] [id=21580]
  0x00000257100f6180 ConcurrentGCThread "G1 Main Marker" [stack: 0x000000f3ac000000,0x000000f3ac100000] [id=17036]
  0x00000257100f6ba0 ConcurrentGCThread "G1 Conc#0" [stack: 0x000000f3ac100000,0x000000f3ac200000] [id=25488]

[error occurred during error reporting (printing all threads), id 0xc0000005, EXCEPTION_ACCESS_VIOLATION (0xc0000005) at pc=0x00007ffbe30e3597]

VM state: not at safepoint (not fully initialized)

VM Mutex/Monitor currently owned by a thread:  ([mutex/lock_event])
[0x0000025710086bc0] Heap_lock - owner thread: 0x000002571008b750

Heap address: 0x0000000082600000, size: 2010 MB, Compressed Oops mode: 32-bit

CDS archive(s) mapped at: [0x0000000000000000-0x0000000000000000-0x0000000000000000), size 0, SharedBaseAddress: 0x0000000800000000, ArchiveRelocationMode: 1.
Narrow klass base: 0x0000000000000000, Narrow klass shift: 0, Narrow klass range: 0x0

GC Precious Log:
<Empty>

Heap:
 garbage-first heap   total 0K, used 0K [0x0000000082600000, 0x0000000100000000)
  region size 1024K, 0 young (0K), 0 survivors (0K)
 Metaspace       used 0K, committed 0K, reserved 0K
  class space    used 0K, committed 0K, reserved 0K

Heap Regions: E=young(eden), S=young(survivor), O=old, HS=humongous(starts), HC=humongous(continues), CS=collection set, F=free, OA=open archive, CA=closed archive, TAMS=top-at-mark-start (previous, next)

Card table byte_map: [0x0000025722f70000,0x0000025723360000] _byte_map_base: 0x0000025722b5d000

Marking Bits (Prev, Next): (CMBitMap*) 0x00000257100e5d10, (CMBitMap*) 0x00000257100e5d50
 Prev Bits: [0x0000025723750000, 0x00000257256b8000)
 Next Bits: [0x00000257256c0000, 0x0000025727628000)

GC Heap History (0 events):
No events

Dll operation events (1 events):
Event: 0.018 Loaded shared library C:\Users\mohamed\.jdks\jbr-17.0.9\bin\java.dll

Deoptimization events (0 events):
No events

Classes unloaded (0 events):
No events

Classes redefined (0 events):
No events

Internal exceptions (0 events):
No events

VM Operations (0 events):
No events

Events (0 events):
No events


Dynamic libraries:
0x00007ff7394b0000 - 0x00007ff7394ba000 	C:\Users\mohamed\.jdks\jbr-17.0.9\bin\java.exe
0x00007ffc3b090000 - 0x00007ffc3b2a7000 	C:\WINDOWS\SYSTEM32\ntdll.dll
0x00007ffc38e80000 - 0x00007ffc38f44000 	C:\WINDOWS\System32\KERNEL32.DLL
0x00007ffc383b0000 - 0x00007ffc38757000 	C:\WINDOWS\System32\KERNELBASE.dll
0x00007ffc38b80000 - 0x00007ffc38c91000 	C:\WINDOWS\System32\ucrtbase.dll
0x00007ffc1c580000 - 0x00007ffc1c597000 	C:\Users\mohamed\.jdks\jbr-17.0.9\bin\jli.dll
0x00007ffc38f50000 - 0x00007ffc390fe000 	C:\WINDOWS\System32\USER32.dll
0x00007ffc38940000 - 0x00007ffc38966000 	C:\WINDOWS\System32\win32u.dll
0x00007ffc3a950000 - 0x00007ffc3a979000 	C:\WINDOWS\System32\GDI32.dll
0x00007ffc38ca0000 - 0x00007ffc38db9000 	C:\WINDOWS\System32\gdi32full.dll
0x00007ffc38ae0000 - 0x00007ffc38b7a000 	C:\WINDOWS\System32\msvcp_win.dll
0x00007ffc1b660000 - 0x00007ffc1b67b000 	C:\Users\mohamed\.jdks\jbr-17.0.9\bin\VCRUNTIME140.dll
0x00007ffc1b390000 - 0x00007ffc1b623000 	C:\WINDOWS\WinSxS\amd64_microsoft.windows.common-controls_6595b64144ccf1df_6.0.22621.3527_none_270e469b73872a76\COMCTL32.dll
0x00007ffc3add0000 - 0x00007ffc3ae77000 	C:\WINDOWS\System32\msvcrt.dll
0x00007ffc3abb0000 - 0x00007ffc3abe1000 	C:\WINDOWS\System32\IMM32.DLL
0x00007ffc302a0000 - 0x00007ffc302ac000 	C:\Users\mohamed\.jdks\jbr-17.0.9\bin\vcruntime140_1.dll
0x00007ffc0a160000 - 0x00007ffc0a1ed000 	C:\Users\mohamed\.jdks\jbr-17.0.9\bin\msvcp140.dll
0x00007ffbe2df0000 - 0x00007ffbe3a72000 	C:\Users\mohamed\.jdks\jbr-17.0.9\bin\server\jvm.dll
0x00007ffc39390000 - 0x00007ffc39442000 	C:\WINDOWS\System32\ADVAPI32.dll
0x00007ffc3a980000 - 0x00007ffc3aa28000 	C:\WINDOWS\System32\sechost.dll
0x00007ffc38760000 - 0x00007ffc38788000 	C:\WINDOWS\System32\bcrypt.dll
0x00007ffc3af30000 - 0x00007ffc3b045000 	C:\WINDOWS\System32\RPCRT4.dll
0x00007ffc379a0000 - 0x00007ffc379ed000 	C:\WINDOWS\SYSTEM32\POWRPROF.dll
0x00007ffc17890000 - 0x00007ffc17899000 	C:\WINDOWS\SYSTEM32\WSOCK32.dll
0x00007ffc2f2a0000 - 0x00007ffc2f2aa000 	C:\WINDOWS\SYSTEM32\VERSION.dll
0x00007ffc3aa30000 - 0x00007ffc3aaa1000 	C:\WINDOWS\System32\WS2_32.dll
0x00007ffc30060000 - 0x00007ffc30094000 	C:\WINDOWS\SYSTEM32\WINMM.dll
0x00007ffc37980000 - 0x00007ffc37993000 	C:\WINDOWS\SYSTEM32\UMPDC.dll
0x00007ffc373d0000 - 0x00007ffc373e8000 	C:\WINDOWS\SYSTEM32\kernel.appcore.dll
0x00007ffc1d260000 - 0x00007ffc1d26a000 	C:\Users\mohamed\.jdks\jbr-17.0.9\bin\jimage.dll
0x00007ffc35c70000 - 0x00007ffc35ea3000 	C:\WINDOWS\SYSTEM32\DBGHELP.DLL
0x00007ffc39450000 - 0x00007ffc397d8000 	C:\WINDOWS\System32\combase.dll
0x00007ffc39100000 - 0x00007ffc391d7000 	C:\WINDOWS\System32\OLEAUT32.dll
0x00007ffc16cd0000 - 0x00007ffc16d02000 	C:\WINDOWS\SYSTEM32\dbgcore.DLL
0x00007ffc388c0000 - 0x00007ffc38939000 	C:\WINDOWS\System32\bcryptPrimitives.dll
0x00007ffc33940000 - 0x00007ffc3394e000 	C:\Users\mohamed\.jdks\jbr-17.0.9\bin\instrument.dll
0x00007ffc174c0000 - 0x00007ffc174e5000 	C:\Users\mohamed\.jdks\jbr-17.0.9\bin\java.dll

dbghelp: loaded successfully - version: 4.0.5 - missing functions: none
symbol engine: initialized successfully - sym options: 0x614 - pdb path: .;C:\Users\mohamed\.jdks\jbr-17.0.9\bin;C:\WINDOWS\SYSTEM32;C:\WINDOWS\WinSxS\amd64_microsoft.windows.common-controls_6595b64144ccf1df_6.0.22621.3527_none_270e469b73872a76;C:\Users\mohamed\.jdks\jbr-17.0.9\bin\server

VM Arguments:
jvm_args: -Dmaven.multiModuleProjectDirectory=C:\Users\mohamed\Desktop\Pi5star -Djansi.passthrough=true -Dmaven.home=C:\Program Files\JetBrains\IntelliJ IDEA 2023.2.2\plugins\maven\lib\maven3 -Dclassworlds.conf=C:\Program Files\JetBrains\IntelliJ IDEA 2023.2.2\plugins\maven\lib\maven3\bin\m2.conf -Dmaven.ext.class.path=C:\Program Files\JetBrains\IntelliJ IDEA 2023.2.2\plugins\maven\lib\maven-event-listener.jar -javaagent:C:\Program Files\JetBrains\IntelliJ IDEA 2023.2.2\lib\idea_rt.jar=59948:C:\Program Files\JetBrains\IntelliJ IDEA 2023.2.2\bin -Dfile.encoding=UTF-8 
java_command: org.codehaus.classworlds.Launcher -Didea.version=2023.2.6 org.openjfx:javafx-maven-plugin:0.0.8:run
java_class_path (initial): C:\Program Files\JetBrains\IntelliJ IDEA 2023.2.2\plugins\maven\lib\maven3\boot\plexus-classworlds-2.7.0.jar;C:\Program Files\JetBrains\IntelliJ IDEA 2023.2.2\plugins\maven\lib\maven3\boot\plexus-classworlds.license
Launcher Type: SUN_STANDARD

[Global flags]
     intx CICompilerCount                          = 4                                         {product} {ergonomic}
     uint ConcGCThreads                            = 2                                         {product} {ergonomic}
     uint G1ConcRefinementThreads                  = 8                                         {product} {ergonomic}
   size_t G1HeapRegionSize                         = 1048576                                   {product} {ergonomic}
    uintx GCDrainStackTargetSize                   = 64                                        {product} {ergonomic}
   size_t InitialHeapSize                          = 132120576                                 {product} {ergonomic}
   size_t MarkStackSize                            = 4194304                                   {product} {ergonomic}
   size_t MaxHeapSize                              = 2107637760                                {product} {ergonomic}
   size_t MinHeapDeltaBytes                        = 1048576                                   {product} {ergonomic}
   size_t MinHeapSize                              = 8388608                                   {product} {ergonomic}
    uintx NonNMethodCodeHeapSize                   = 5839372                                {pd product} {ergonomic}
    uintx NonProfiledCodeHeapSize                  = 122909434                              {pd product} {ergonomic}
    uintx ProfiledCodeHeapSize                     = 122909434                              {pd product} {ergonomic}
    uintx ReservedCodeCacheSize                    = 251658240                              {pd product} {ergonomic}
     bool SegmentedCodeCache                       = true                                      {product} {ergonomic}
   size_t SoftMaxHeapSize                          = 2107637760                             {manageable} {ergonomic}
     bool UseCompressedClassPointers               = true                           {product lp64_product} {ergonomic}
     bool UseCompressedOops                        = true                           {product lp64_product} {ergonomic}
     bool UseG1GC                                  = true                                      {product} {ergonomic}
     bool UseLargePagesIndividualAllocation        = false                                  {pd product} {ergonomic}

Logging:
Log output configuration:
 #0: stdout all=warning uptime,level,tags
 #1: stderr all=off uptime,level,tags

Environment Variables:
JAVA_HOME=C:\Program Files\Java\jdk-17
PATH=C:\oraclexe\app\oracle\product\11.2.0\server\bin;C:\windows\system32;C:\Program Files\Common Files\Oracle\Java\javapath;C:\Program Files (x86)\Common Files\Oracle\Java\javapath;C:\windows;C:\windows\System32\Wbem;C:\windows\System32\WindowsPowerShell\v1.0\;C:\windows\System32\OpenSSH\;C:\Program Files (x86)\NVIDIA Corporation\PhysX\Common;C:\Program Files\NVIDIA Corporation\NVIDIA NvDLISR;C:\WINDOWS\system32;C:\WINDOWS;C:\WINDOWS\System32\Wbem;C:\WINDOWS\System32\WindowsPowerShell\v1.0\;C:\WINDOWS\System32\OpenSSH\;C:\composer;C:\Program Files\nodejs\;C:\Program Files\Git\cmd;%ANT_HOME%;C:\Users\mohamed\Desktop\soa\apache-tomcat-8.5.28;%JAVA_HOME%;%AXIS2_HOME%;C:\Program Files (x86)\GnuWin32\bin;C:\Program Files (x86)\CodeBlocks\MinGW\bin;C:\Program Files\dotnet\;C:\xampp\php;;C:\Program Files\HP\HP One Agent;C:\Users\mohamed\AppData\Local\Microsoft\WindowsApps;C:\Users\mohamed\AppData\Local\Programs\Microsoft VS Code\bin;C:\Users\mohamed\AppData\Local\ComposerSetup\bin;C:\composer;C:\bin\symfony-cli_windows_amd64;C:\Users\mohamed\AppData\Roaming\npm;C:\Users\mohamed\AppData\Local\GitHubDesktop\bin;C:\ProgramData\mohamed\GitHubDesktop\bin;C:\xampp\php;
USERNAME=mohamed
OS=Windows_NT
PROCESSOR_IDENTIFIER=Intel64 Family 6 Model 158 Stepping 10, GenuineIntel
TMP=C:\Users\mohamed\AppData\Local\Temp
TEMP=C:\Users\mohamed\AppData\Local\Temp



Periodic native trim disabled

JNI global refs:
JNI global refs: 0, weak refs: 0

JNI global refs memory usage: 0, weak refs: 0

OOME stack traces (most recent first):
Classloader memory used:


---------------  S Y S T E M  ---------------

OS:
 Windows 11 , 64 bit Build 22621 (10.0.22621.3527)
OS uptime: 2 days 17:08 hours

CPU: total 8 (initial active 8) (4 cores per cpu, 2 threads per core) family 6 model 158 stepping 10 microcode 0xde, cx8, cmov, fxsr, ht, mmx, 3dnowpref, sse, sse2, sse3, ssse3, sse4.1, sse4.2, popcnt, lzcnt, tsc, tscinvbit, avx, avx2, aes, erms, clmul, bmi1, bmi2, adx, fma, vzeroupper, clflush, clflushopt
Processor Information for processor 0
  Max Mhz: 2400, Current Mhz: 1500, Mhz Limit: 2400
Processor Information for processor 1
  Max Mhz: 2400, Current Mhz: 1500, Mhz Limit: 2400
Processor Information for processor 2
  Max Mhz: 2400, Current Mhz: 1500, Mhz Limit: 2400
Processor Information for processor 3
  Max Mhz: 2400, Current Mhz: 2400, Mhz Limit: 2400
Processor Information for processor 4
  Max Mhz: 2400, Current Mhz: 2400, Mhz Limit: 2400
Processor Information for processor 5
  Max Mhz: 2400, Current Mhz: 1500, Mhz Limit: 2400
Processor Information for processor 6
  Max Mhz: 2400, Current Mhz: 2400, Mhz Limit: 2400
Processor Information for processor 7
  Max Mhz: 2400, Current Mhz: 1500, Mhz Limit: 2400

Memory: 4k page, system-wide physical 8033M (227M free)
TotalPageFile size 31273M (AvailPageFile size 36M)
current process WorkingSet (physical memory assigned to process): 44M, peak: 44M
current process commit charge ("private bytes"): 93M, peak: 186M

vm_info: OpenJDK 64-Bit Server VM (17.0.9+8-b1166.2) for windows-amd64 JRE (17.0.9+8-b1166.2), built on 2024-01-13 by "builduser" with MS VC++ 16.10 / 16.11 (VS2019)

END.
